#
# A fatal error has been detected by the Java Runtime Environment:
#
#  EXCEPTION_ACCESS_VIOLATION (0xc0000005) at pc=0x00007ffa7d133453, pid=18660, tid=18548
#
# JRE version: OpenJDK Runtime Environment Microsoft-9388408 (17.0.11+9) (build 17.0.11+9-LTS)
# Java VM: OpenJDK 64-Bit Server VM Microsoft-9388408 (17.0.11+9-LTS, mixed mode, sharing, tiered, compressed oops, compressed class ptrs, g1 gc, windows-amd64)
# Problematic frame:
# V  [jvm.dll+0x543453]
#
# No core dump will be written. Minidumps are not enabled by default on client versions of Windows
#
# If you would like to submit a bug report, please visit:
#   https://github.com/microsoft/openjdk/issues
#

---------------  S U M M A R Y ------------

Command Line: -Xmx64m -Xms64m -Dorg.gradle.appname=gradlew org.gradle.wrapper.GradleWrapperMain app:installDebug -PreactNativeDevServerPort=8081

Host: Intel(R) Core(TM) i5-10300H CPU @ 2.50GHz, 8 cores, 15G,  Windows 11 , 64 bit Build 22621 (10.0.22621.4391)
Time: Sun Dec 15 07:47:36 2024 India Standard Time elapsed time: 1.156036 seconds (0d 0h 0m 1s)

---------------  T H R E A D  ---------------

Current thread (0x0000026a64a4e390):  JavaThread "main" [_thread_in_vm, id=18548, stack(0x000000d359800000,0x000000d359900000)]

Stack: [0x000000d359800000,0x000000d359900000],  sp=0x000000d3598fa898,  free space=1002k
Native frames: (J=compiled Java code, j=interpreted, Vv=VM code, C=native code)
V  [jvm.dll+0x543453]

Java frames: (J=compiled Java code, j=interpreted, Vv=VM code)
j  jdk.internal.module.SystemModuleFinders$SystemModuleReader.findImageLocation(Ljava/lang/String;)Ljdk/internal/jimage/ImageLocation;+36 java.base@17.0.11
j  jdk.internal.module.SystemModuleFinders$SystemModuleReader.read(Ljava/lang/String;)Ljava/util/Optional;+2 java.base@17.0.11
j  jdk.internal.loader.BuiltinClassLoader.defineClass(Ljava/lang/String;Ljdk/internal/loader/BuiltinClassLoader$LoadedModule;)Ljava/lang/Class;+79 java.base@17.0.11
j  jdk.internal.loader.BuiltinClassLoader.findClassInModuleOrNull(Ljdk/internal/loader/BuiltinClassLoader$LoadedModule;Ljava/lang/String;)Ljava/lang/Class;+9 java.base@17.0.11
j  jdk.internal.loader.BuiltinClassLoader.findClass(Ljava/lang/String;Ljava/lang/String;)Ljava/lang/Class;+42 java.base@17.0.11
j  java.lang.ClassLoader.loadClass(Ljava/lang/Module;Ljava/lang/String;)Ljava/lang/Class;+26 java.base@17.0.11
j  java.lang.Class.forName(Ljava/lang/Module;Ljava/lang/String;)Ljava/lang/Class;+81 java.base@17.0.11
j  java.util.ServiceLoader.loadProvider(Ljdk/internal/module/ServicesCatalog$ServiceProvider;)Ljava/util/ServiceLoader$Provider;+38 java.base@17.0.11
j  java.util.ServiceLoader$ModuleServicesLookupIterator.hasNext()Z+79 java.base@17.0.11
j  java.util.ServiceLoader$2.hasNext()Z+4 java.base@17.0.11
j  java.util.ServiceLoader$3.hasNext()Z+32 java.base@17.0.11
j  sun.security.jca.ProviderConfig$ProviderLoader.load(Ljava/lang/String;)Ljava/security/Provider;+45 java.base@17.0.11
j  sun.security.jca.ProviderConfig$3.run()Ljava/security/Provider;+44 java.base@17.0.11
j  sun.security.jca.ProviderConfig$3.run()Ljava/lang/Object;+1 java.base@17.0.11
j  java.security.AccessController.executePrivileged(Ljava/security/PrivilegedAction;Ljava/security/AccessControlContext;Ljava/lang/Class;)Ljava/lang/Object;+29 java.base@17.0.11
j  java.security.AccessController.doPrivileged(Ljava/security/PrivilegedAction;)Ljava/lang/Object;+5 java.base@17.0.11
j  sun.security.jca.ProviderConfig.doLoadProvider()Ljava/security/Provider;+8 java.base@17.0.11
j  sun.security.jca.ProviderConfig.getProvider()Ljava/security/Provider;+281 java.base@17.0.11
j  sun.security.jca.ProviderList.getProvider(I)Ljava/security/Provider;+6 java.base@17.0.11
j  sun.security.jca.ProviderList.getService(Ljava/lang/String;Ljava/lang/String;)Ljava/security/Provider$Service;+90 java.base@17.0.11
j  sun.security.jca.GetInstance.getInstance(Ljava/lang/String;Ljava/lang/Class;Ljava/lang/String;)Lsun/security/jca/GetInstance$Instance;+7 java.base@17.0.11
j  java.security.SecureRandom.getInstance(Ljava/lang/String;)Ljava/security/SecureRandom;+12 java.base@17.0.11
j  sun.nio.ch.UnixDomainSockets.getRandom()Ljava/util/Random;+2 java.base@17.0.11
j  sun.nio.ch.UnixDomainSockets.<clinit>()V+26 java.base@17.0.11
v  ~StubRoutines::call_stub
j  sun.nio.ch.PipeImpl.createListener(Z)Ljava/nio/channels/ServerSocketChannel;+6 java.base@17.0.11
j  sun.nio.ch.PipeImpl$Initializer$LoopbackConnector.run()V+41 java.base@17.0.11
j  sun.nio.ch.PipeImpl$Initializer.run()Ljava/lang/Void;+10 java.base@17.0.11
j  sun.nio.ch.PipeImpl$Initializer.run()Ljava/lang/Object;+1 java.base@17.0.11
J 808 c1 java.security.AccessController.executePrivileged(Ljava/security/PrivilegedExceptionAction;Ljava/security/AccessControlContext;Ljava/lang/Class;)Ljava/lang/Object; java.base@17.0.11 (69 bytes) @ 0x0000026a6c6e72bc [0x0000026a6c6e7160+0x000000000000015c]
j  java.security.AccessController.doPrivileged(Ljava/security/PrivilegedExceptionAction;)Ljava/lang/Object;+9 java.base@17.0.11
j  sun.nio.ch.PipeImpl.<init>(Ljava/nio/channels/spi/SelectorProvider;ZZ)V+17 java.base@17.0.11
j  sun.nio.ch.WEPollSelectorImpl.<init>(Ljava/nio/channels/spi/SelectorProvider;)V+74 java.base@17.0.11
j  sun.nio.ch.WEPollSelectorProvider.openSelector()Ljava/nio/channels/spi/AbstractSelector;+5 java.base@17.0.11
j  java.nio.channels.Selector.open()Ljava/nio/channels/Selector;+3 java.base@17.0.11
j  org.gradle.internal.remote.internal.inet.SocketConnection$SocketInputStream.<init>(Ljava/nio/channels/SocketChannel;)V+17
j  org.gradle.internal.remote.internal.inet.SocketConnection.<init>(Ljava/nio/channels/SocketChannel;Lorg/gradle/internal/remote/internal/MessageSerializer;Lorg/gradle/internal/serialize/StatefulSerializer;)V+33
j  org.gradle.internal.remote.internal.inet.SocketConnectCompletion.create(Lorg/gradle/internal/serialize/StatefulSerializer;)Lorg/gradle/internal/remote/internal/RemoteConnection;+16
j  org.gradle.launcher.daemon.client.DefaultDaemonConnector.connectToDaemon(Lorg/gradle/launcher/daemon/context/DaemonConnectDetails;Lorg/gradle/launcher/daemon/client/DaemonClientConnection$StaleAddressDetector;)Lorg/gradle/launcher/daemon/client/DaemonClientConnection;+43
j  org.gradle.launcher.daemon.client.DefaultDaemonConnector.findConnection(Ljava/util/List;)Lorg/gradle/launcher/daemon/client/DaemonClientConnection;+38
j  org.gradle.launcher.daemon.client.DefaultDaemonConnector.connectToIdleDaemon(Ljava/util/Collection;Lorg/gradle/api/internal/specs/ExplainingSpec;)Lorg/gradle/launcher/daemon/client/DaemonClientConnection;+9
j  org.gradle.launcher.daemon.client.DefaultDaemonConnector.connect(Lorg/gradle/api/internal/specs/ExplainingSpec;)Lorg/gradle/launcher/daemon/client/DaemonClientConnection;+37
j  org.gradle.launcher.daemon.client.DaemonClient.execute(Lorg/gradle/internal/invocation/BuildAction;Lorg/gradle/launcher/exec/BuildActionParameters;Lorg/gradle/initialization/BuildRequestContext;)Lorg/gradle/launcher/exec/BuildActionResult;+66
j  org.gradle.launcher.daemon.client.DaemonClient.execute(Lorg/gradle/internal/invocation/BuildAction;Ljava/lang/Object;Ljava/lang/Object;)Lorg/gradle/launcher/exec/BuildActionResult;+10
j  org.gradle.launcher.cli.RunBuildAction.run()V+74
j  org.gradle.internal.Actions$RunnableActionAdapter.execute(Ljava/lang/Object;)V+4
j  org.gradle.launcher.cli.DefaultCommandLineActionFactory$ParseAndBuildAction.execute(Lorg/gradle/launcher/bootstrap/ExecutionListener;)V+60
j  org.gradle.launcher.cli.DefaultCommandLineActionFactory$ParseAndBuildAction.execute(Ljava/lang/Object;)V+5
j  org.gradle.launcher.cli.DebugLoggerWarningAction.execute(Lorg/gradle/launcher/bootstrap/ExecutionListener;)V+9
j  org.gradle.launcher.cli.DebugLoggerWarningAction.execute(Ljava/lang/Object;)V+5
j  org.gradle.launcher.cli.WelcomeMessageAction.execute(Lorg/gradle/launcher/bootstrap/ExecutionListener;)V+218
j  org.gradle.launcher.cli.WelcomeMessageAction.execute(Ljava/lang/Object;)V+5
j  org.gradle.launcher.cli.NativeServicesInitializingAction.execute(Lorg/gradle/launcher/bootstrap/ExecutionListener;)V+38
j  org.gradle.launcher.cli.NativeServicesInitializingAction.execute(Ljava/lang/Object;)V+5
j  org.gradle.launcher.cli.ExceptionReportingAction.execute(Lorg/gradle/launcher/bootstrap/ExecutionListener;)V+5
j  org.gradle.launcher.cli.ExceptionReportingAction.execute(Ljava/lang/Object;)V+5
j  org.gradle.launcher.cli.DefaultCommandLineActionFactory$WithLogging.execute(Lorg/gradle/launcher/bootstrap/ExecutionListener;)V+325
j  org.gradle.launcher.Main.doAction([Ljava/lang/String;Lorg/gradle/launcher/bootstrap/ExecutionListener;)V+14
j  org.gradle.launcher.bootstrap.EntryPoint.run([Ljava/lang/String;)V+12
v  ~StubRoutines::call_stub
j  jdk.internal.reflect.NativeMethodAccessorImpl.invoke0(Ljava/lang/reflect/Method;Ljava/lang/Object;[Ljava/lang/Object;)Ljava/lang/Object;+0 java.base@17.0.11
j  jdk.internal.reflect.NativeMethodAccessorImpl.invoke(Ljava/lang/Object;[Ljava/lang/Object;)Ljava/lang/Object;+133 java.base@17.0.11
j  jdk.internal.reflect.DelegatingMethodAccessorImpl.invoke(Ljava/lang/Object;[Ljava/lang/Object;)Ljava/lang/Object;+6 java.base@17.0.11
j  java.lang.reflect.Method.invoke(Ljava/lang/Object;[Ljava/lang/Object;)Ljava/lang/Object;+59 java.base@17.0.11
j  org.gradle.launcher.bootstrap.ProcessBootstrap.runNoExit(Ljava/lang/String;[Ljava/lang/String;)V+155
j  org.gradle.launcher.bootstrap.ProcessBootstrap.run(Ljava/lang/String;[Ljava/lang/String;)V+2
v  ~StubRoutines::call_stub
j  jdk.internal.reflect.NativeMethodAccessorImpl.invoke0(Ljava/lang/reflect/Method;Ljava/lang/Object;[Ljava/lang/Object;)Ljava/lang/Object;+0 java.base@17.0.11
j  jdk.internal.reflect.NativeMethodAccessorImpl.invoke(Ljava/lang/Object;[Ljava/lang/Object;)Ljava/lang/Object;+133 java.base@17.0.11
j  jdk.internal.reflect.DelegatingMethodAccessorImpl.invoke(Ljava/lang/Object;[Ljava/lang/Object;)Ljava/lang/Object;+6 java.base@17.0.11
j  java.lang.reflect.Method.invoke(Ljava/lang/Object;[Ljava/lang/Object;)Ljava/lang/Object;+59 java.base@17.0.11
j  org.gradle.launcher.GradleMain.main([Ljava/lang/String;)V+100
v  ~StubRoutines::call_stub
j  jdk.internal.reflect.NativeMethodAccessorImpl.invoke0(Ljava/lang/reflect/Method;Ljava/lang/Object;[Ljava/lang/Object;)Ljava/lang/Object;+0 java.base@17.0.11
j  jdk.internal.reflect.NativeMethodAccessorImpl.invoke(Ljava/lang/Object;[Ljava/lang/Object;)Ljava/lang/Object;+133 java.base@17.0.11
j  jdk.internal.reflect.DelegatingMethodAccessorImpl.invoke(Ljava/lang/Object;[Ljava/lang/Object;)Ljava/lang/Object;+6 java.base@17.0.11
j  java.lang.reflect.Method.invoke(Ljava/lang/Object;[Ljava/lang/Object;)Ljava/lang/Object;+59 java.base@17.0.11
j  org.gradle.wrapper.GradleWrapperMain.main([Ljava/lang/String;)V+1823
v  ~StubRoutines::call_stub

siginfo: EXCEPTION_ACCESS_VIOLATION (0xc0000005), reading address 0x0000026dc01e0e68


Registers:
RAX=0x0000000077fffffe, RBX=0x0000026a64a4e390, RCX=0x0000026a001e0cb0, RDX=0x0000000077fffffe
RSP=0x000000d3598fa898, RBP=0x000000d3598fa900, RSI=0x000000d3598fa968, RDI=0x0000000077fffffe
R8 =0x0000026a001e0cb0, R9 =0x0000026a64a4ecf0, R10=0x0000026a64a4ad70, R11=0x0000026a001e3bd0
R12=0x0000000000000000, R13=0x0000026a001e0cb0, R14=0x0000026a001e0cb0, R15=0x000000d3598faa80
RIP=0x00007ffa7d133453, EFLAGS=0x0000000000010207


Register to memory mapping:

RIP=0x00007ffa7d133453 jvm.dll
RAX=0x0000000077fffffe is an unknown value
RBX=0x0000026a64a4e390 is a thread
RCX=0x0000026a001e0cb0 is a pointer to class: 
jdk.internal.jimage.ImageReader {0x0000026a001e0cb8}
 - instance size:     3
 - klass size:        68
 - access:            public final synchronized 
 - state:             fully_initialized
 - name:              'jdk/internal/jimage/ImageReader'
 - super:             'java/lang/Object'
 - sub:               
 - arrays:            NULL
 - methods:           Array<T>(0x0000026a008002a0)
 - method ordering:   Array<T>(0x0000026a00800e80)
 - default_methods:   Array<T>(0x0000000000000000)
 - local interfaces:  Array<T>(0x0000026a007fd718)
 - trans. interfaces: Array<T>(0x0000026a007fd718)
 - constants:         constant pool [269]/operands[21] {0x0000026a007ff960} for 'jdk/internal/jimage/ImageReader' cache=0x0000026a001e30e8
 - class loader data:  loader data: 0x0000026a64a6c070 of 'bootstrap'
 - source file:       'ImageReader.java'
 - class annotations:       Array<T>(0x0000000000000000)
 - class type annotations:  Array<T>(0x0000000000000000)
 - field annotations:       Array<T>(0x0000000000000000)
 - field type annotations:  Array<T>(0x0000000000000000)
 - inner classes:     Array<T>(0x0000026a00800258)
 - nest members:     Array<T>(0x0000026a00800ef8)
 - permitted subclasses:     Array<T>(0x0000026a005cc268)
 - java mirror:       a 'java/lang/Class'{0x00000000fc710758} = 'jdk/internal/jimage/ImageReader'
 - vtable length      5  (start addr: 0x0000026a001e0e78)
 - itable length      5 (start addr: 0x0000026a001e0ea0)
 - ---- static fields (0 words):
 - ---- non-static fields (2 words):
 - private volatile 'closed' 'Z' @12 
 - private final 'reader' 'Ljdk/internal/jimage/ImageReader$SharedImageReader;' @16 
 - non-static oop maps: 16-16 
RDX=0x0000000077fffffe is an unknown value
RSP=0x000000d3598fa898 is pointing into the stack for thread: 0x0000026a64a4e390
RBP=0x000000d3598fa900 is pointing into the stack for thread: 0x0000026a64a4e390
RSI=0x000000d3598fa968 is pointing into the stack for thread: 0x0000026a64a4e390
RDI=0x0000000077fffffe is an unknown value
R8 =0x0000026a001e0cb0 is a pointer to class: 
jdk.internal.jimage.ImageReader {0x0000026a001e0cb8}
 - instance size:     3
 - klass size:        68
 - access:            public final synchronized 
 - state:             fully_initialized
 - name:              'jdk/internal/jimage/ImageReader'
 - super:             'java/lang/Object'
 - sub:               
 - arrays:            NULL
 - methods:           Array<T>(0x0000026a008002a0)
 - method ordering:   Array<T>(0x0000026a00800e80)
 - default_methods:   Array<T>(0x0000000000000000)
 - local interfaces:  Array<T>(0x0000026a007fd718)
 - trans. interfaces: Array<T>(0x0000026a007fd718)
 - constants:         constant pool [269]/operands[21] {0x0000026a007ff960} for 'jdk/internal/jimage/ImageReader' cache=0x0000026a001e30e8
 - class loader data:  loader data: 0x0000026a64a6c070 of 'bootstrap'
 - source file:       'ImageReader.java'
 - class annotations:       Array<T>(0x0000000000000000)
 - class type annotations:  Array<T>(0x0000000000000000)
 - field annotations:       Array<T>(0x0000000000000000)
 - field type annotations:  Array<T>(0x0000000000000000)
 - inner classes:     Array<T>(0x0000026a00800258)
 - nest members:     Array<T>(0x0000026a00800ef8)
 - permitted subclasses:     Array<T>(0x0000026a005cc268)
 - java mirror:       a 'java/lang/Class'{0x00000000fc710758} = 'jdk/internal/jimage/ImageReader'
 - vtable length      5  (start addr: 0x0000026a001e0e78)
 - itable length      5 (start addr: 0x0000026a001e0ea0)
 - ---- static fields (0 words):
 - ---- non-static fields (2 words):
 - private volatile 'closed' 'Z' @12 
 - private final 'reader' 'Ljdk/internal/jimage/ImageReader$SharedImageReader;' @16 
 - non-static oop maps: 16-16 
R9 =0x0000026a64a4ecf0 points into unknown readable memory: 0x00000000fc707db0 | b0 7d 70 fc 00 00 00 00
R10=0x0000026a64a4ad70 points into unknown readable memory: 0x000000400000000b | 0b 00 00 00 40 00 00 00
R11={method} {0x0000026a001e3bd8} 'findLocation' '(Ljava/lang/String;Ljava/lang/String;)Ljdk/internal/jimage/ImageLocation;' in 'jdk/internal/jimage/ImageReader'
R12=0x0 is NULL
R13=0x0000026a001e0cb0 is a pointer to class: 
jdk.internal.jimage.ImageReader {0x0000026a001e0cb8}
 - instance size:     3
 - klass size:        68
 - access:            public final synchronized 
 - state:             fully_initialized
 - name:              'jdk/internal/jimage/ImageReader'
 - super:             'java/lang/Object'
 - sub:               
 - arrays:            NULL
 - methods:           Array<T>(0x0000026a008002a0)
 - method ordering:   Array<T>(0x0000026a00800e80)
 - default_methods:   Array<T>(0x0000000000000000)
 - local interfaces:  Array<T>(0x0000026a007fd718)
 - trans. interfaces: Array<T>(0x0000026a007fd718)
 - constants:         constant pool [269]/operands[21] {0x0000026a007ff960} for 'jdk/internal/jimage/ImageReader' cache=0x0000026a001e30e8
 - class loader data:  loader data: 0x0000026a64a6c070 of 'bootstrap'
 - source file:       'ImageReader.java'
 - class annotations:       Array<T>(0x0000000000000000)
 - class type annotations:  Array<T>(0x0000000000000000)
 - field annotations:       Array<T>(0x0000000000000000)
 - field type annotations:  Array<T>(0x0000000000000000)
 - inner classes:     Array<T>(0x0000026a00800258)
 - nest members:     Array<T>(0x0000026a00800ef8)
 - permitted subclasses:     Array<T>(0x0000026a005cc268)
 - java mirror:       a 'java/lang/Class'{0x00000000fc710758} = 'jdk/internal/jimage/ImageReader'
 - vtable length      5  (start addr: 0x0000026a001e0e78)
 - itable length      5 (start addr: 0x0000026a001e0ea0)
 - ---- static fields (0 words):
 - ---- non-static fields (2 words):
 - private volatile 'closed' 'Z' @12 
 - private final 'reader' 'Ljdk/internal/jimage/ImageReader$SharedImageReader;' @16 
 - non-static oop maps: 16-16 
R14=0x0000026a001e0cb0 is a pointer to class: 
jdk.internal.jimage.ImageReader {0x0000026a001e0cb8}
 - instance size:     3
 - klass size:        68
 - access:            public final synchronized 
 - state:             fully_initialized
 - name:              'jdk/internal/jimage/ImageReader'
 - super:             'java/lang/Object'
 - sub:               
 - arrays:            NULL
 - methods:           Array<T>(0x0000026a008002a0)
 - method ordering:   Array<T>(0x0000026a00800e80)
 - default_methods:   Array<T>(0x0000000000000000)
 - local interfaces:  Array<T>(0x0000026a007fd718)
 - trans. interfaces: Array<T>(0x0000026a007fd718)
 - constants:         constant pool [269]/operands[21] {0x0000026a007ff960} for 'jdk/internal/jimage/ImageReader' cache=0x0000026a001e30e8
 - class loader data:  loader data: 0x0000026a64a6c070 of 'bootstrap'
 - source file:       'ImageReader.java'
 - class annotations:       Array<T>(0x0000000000000000)
 - class type annotations:  Array<T>(0x0000000000000000)
 - field annotations:       Array<T>(0x0000000000000000)
 - field type annotations:  Array<T>(0x0000000000000000)
 - inner classes:     Array<T>(0x0000026a00800258)
 - nest members:     Array<T>(0x0000026a00800ef8)
 - permitted subclasses:     Array<T>(0x0000026a005cc268)
 - java mirror:       a 'java/lang/Class'{0x00000000fc710758} = 'jdk/internal/jimage/ImageReader'
 - vtable length      5  (start addr: 0x0000026a001e0e78)
 - itable length      5 (start addr: 0x0000026a001e0ea0)
 - ---- static fields (0 words):
 - ---- non-static fields (2 words):
 - private volatile 'closed' 'Z' @12 
 - private final 'reader' 'Ljdk/internal/jimage/ImageReader$SharedImageReader;' @16 
 - non-static oop maps: 16-16 
R15=0x000000d3598faa80 is pointing into the stack for thread: 0x0000026a64a4e390


Top of Stack: (sp=0x000000d3598fa898)
0x000000d3598fa898:   00007ffa7d1579df 000000d3598fa948
0x000000d3598fa8a8:   00007ffa7ce064d8 0000026a0080e3e8
0x000000d3598fa8b8:   0000026a64a4e390 000000d3598fa978
0x000000d3598fa8c8:   00007ffa7d152acb 00003734b3073072
0x000000d3598fa8d8:   0000000000000000 0000000000000000
0x000000d3598fa8e8:   000000d3598faa80 0000000000000000
0x000000d3598fa8f8:   0000026a001e0cb0 0000026a0080f14c
0x000000d3598fa908:   0000026a0080f14c 000000d3598fa969
0x000000d3598fa918:   00007ffa7d155a98 0000026a64a4ecf0
0x000000d3598fa928:   0000026a001e0cb0 000000d3598faa80
0x000000d3598fa938:   0000026a64a4e390 0000026a001e0cb0
0x000000d3598fa948:   0000000300000001 0000026a64a4e390
0x000000d3598fa958:   0000000000000000 0000026a001e3bd0
0x000000d3598fa968:   0000026a001e3bd0 0000026a64a4e390
0x000000d3598fa978:   0000026a004d12d0 0000026a004d12e8
0x000000d3598fa988:   0000026a001e0cb0 0000026a001e56e0
0x000000d3598fa998:   0000000000000000 0000000000000000
0x000000d3598fa9a8:   0000026a000a0101 000000d3598faac0
0x000000d3598fa9b8:   00007ffa7cf787e2 0000026a6278c500
0x000000d3598fa9c8:   0000026a64a4e390 0000026a64a4ecf0
0x000000d3598fa9d8:   00000000000000b6 0000026a000000b6
0x000000d3598fa9e8:   0000026a64a4e390 0000026a001e6340
0x000000d3598fa9f8:   0000026a64a4e390 0000000000000000
0x000000d3598faa08:   0000000000000000 0000026a0080e3e8
0x000000d3598faa18:   0000026a64a4e390 000000d3598facd8
0x000000d3598faa28:   0000026a73ab9d7d 0000026a73aa8e10
0x000000d3598faa38:   0000026a00000000 000000d3598fad38
0x000000d3598faa48:   000000d3598facd8 0000026a0080f14c
0x000000d3598faa58:   0000026a000000b6 0000026a001e6340
0x000000d3598faa68:   0000026a00000000 000000d3598fad38
0x000000d3598faa78:   000000d3598facd8 0000026a0080e3e8
0x000000d3598faa88:   0000000000000000 0000000000000000 

Instructions: (pc=0x00007ffa7d133453)
0x00007ffa7d133353:   48 8d 8e 88 00 00 00 c7 40 08 02 00 00 00 48 89
0x00007ffa7d133363:   48 20 c6 40 0c 00 48 89 58 10 48 89 58 18 4c 89
0x00007ffa7d133373:   38 eb 03 48 8b c3 48 8b d0 49 8b ce e8 3c 3d 0e
0x00007ffa7d133383:   00 45 33 c0 41 8d 50 17 8d 4a 11 e8 bd 38 b6 ff
0x00007ffa7d133393:   48 85 c0 74 23 48 8d 8e 90 00 00 00 c7 40 08 02
0x00007ffa7d1333a3:   00 00 00 48 89 48 20 c6 40 0c 00 48 89 58 10 48
0x00007ffa7d1333b3:   89 58 18 4c 89 38 eb 03 48 8b c3 48 8b d0 49 8b
0x00007ffa7d1333c3:   ce e8 f7 3c 0e 00 83 be a0 00 00 00 00 8b fb 4c
0x00007ffa7d1333d3:   8b 7c 24 48 7e 5a 48 8d 2d 48 45 42 00 45 33 c0
0x00007ffa7d1333e3:   41 8d 50 17 8d 4a 11 e8 61 38 b6 ff 48 85 c0 74
0x00007ffa7d1333f3:   27 48 63 d7 48 83 c2 39 c7 40 08 02 00 00 00 c6
0x00007ffa7d133403:   40 0c 00 48 89 58 10 48 89 58 18 48 8d 14 d6 48
0x00007ffa7d133413:   89 28 48 89 50 20 eb 03 48 8b c3 48 8b d0 49 8b
0x00007ffa7d133423:   ce e8 97 3c 0e 00 ff c7 3b be a0 00 00 00 7c ad
0x00007ffa7d133433:   48 8b 5c 24 50 48 8b 6c 24 58 48 83 c4 20 41 5e
0x00007ffa7d133443:   5f 5e c3 cc cc cc cc cc cc cc cc cc cc 48 63 c2
0x00007ffa7d133453:   48 8b 84 c1 c8 01 00 00 c3 cc cc cc cc 48 89 5c
0x00007ffa7d133463:   24 08 48 89 6c 24 10 48 89 74 24 18 57 41 54 41
0x00007ffa7d133473:   55 41 56 41 57 48 83 ec 20 48 8b 99 88 00 00 00
0x00007ffa7d133483:   44 0f b6 e2 48 85 db 0f 84 38 01 00 00 8b 0d 62
0x00007ffa7d133493:   3b 68 00 65 48 8b 04 25 58 00 00 00 be 50 00 00
0x00007ffa7d1334a3:   00 bd 20 00 00 00 4c 8d 2c c8 0f 1f 00 48 8b 8b
0x00007ffa7d1334b3:   98 00 00 00 e8 04 2e cb ff 84 c0 0f 85 23 01 00
0x00007ffa7d1334c3:   00 45 84 e4 0f 84 eb 00 00 00 48 8b 15 ac 4f 64
0x00007ffa7d1334d3:   00 48 85 d2 0f 84 db 00 00 00 49 8b 7d 00 8b c6
0x00007ffa7d1334e3:   80 3c 38 00 75 0c e8 da fc 34 00 48 8b 15 8b 4f
0x00007ffa7d1334f3:   64 00 8b c5 48 8b 0c 38 48 8b b9 38 02 00 00 48
0x00007ffa7d133503:   8b 77 10 48 8b 6f 18 4c 8b 77 20 4c 8b 7f 28 48
0x00007ffa7d133513:   85 d2 74 6c 8b 43 08 85 c0 7e 18 8b 83 a4 00 00
0x00007ffa7d133523:   00 c1 e8 1a a8 01 74 32 48 8b 4b 18 e8 cc f3 ff
0x00007ffa7d133533:   ff eb 3e 3d 00 00 00 c0 7d 20 48 8b 83 e8 00 00
0x00007ffa7d133543:   00 8b 88 a4 00 00 00 c1 e9 1a f6 c1 01 74 0b 48 


Stack slot to memory mapping:
stack at sp + 0 slots: 0x00007ffa7d1579df jvm.dll
stack at sp + 1 slots: 0x000000d3598fa948 is pointing into the stack for thread: 0x0000026a64a4e390
stack at sp + 2 slots: 0x00007ffa7ce064d8 jvm.dll
stack at sp + 3 slots: 0x0000026a0080e3e8 is pointing into metadata
stack at sp + 4 slots: 0x0000026a64a4e390 is a thread
stack at sp + 5 slots: 0x000000d3598fa978 is pointing into the stack for thread: 0x0000026a64a4e390
stack at sp + 6 slots: 0x00007ffa7d152acb jvm.dll
stack at sp + 7 slots: 0x00003734b3073072 is an unknown value


Compiled method (c1)    1174  808       3       java.security.AccessController::executePrivileged (69 bytes)
 total in heap  [0x0000026a6c6e6f90,0x0000026a6c6e75c8] = 1592
 relocation     [0x0000026a6c6e70e8,0x0000026a6c6e7158] = 112
 main code      [0x0000026a6c6e7160,0x0000026a6c6e7420] = 704
 stub code      [0x0000026a6c6e7420,0x0000026a6c6e7488] = 104
 metadata       [0x0000026a6c6e7488,0x0000026a6c6e7498] = 16
 scopes data    [0x0000026a6c6e7498,0x0000026a6c6e7520] = 136
 scopes pcs     [0x0000026a6c6e7520,0x0000026a6c6e75b0] = 144
 dependencies   [0x0000026a6c6e75b0,0x0000026a6c6e75b8] = 8
 nul chk table  [0x0000026a6c6e75b8,0x0000026a6c6e75c8] = 16

[Constant Pool (empty)]

[MachCode]
[Verified Entry Point]
  # {method} {0x0000026a004350b8} 'executePrivileged' '(Ljava/security/PrivilegedExceptionAction;Ljava/security/AccessControlContext;Ljava/lang/Class;)Ljava/lang/Object;' in 'java/security/AccessController'
  # parm0:    rdx:rdx   = 'java/security/PrivilegedExceptionAction'
  # parm1:    r8:r8     = 'java/security/AccessControlContext'
  # parm2:    r9:r9     = 'java/lang/Class'
  #           [sp+0x60]  (sp of caller)
  0x0000026a6c6e7160: 8984 2400 | 90ff ff55 | 4883 ec50 | 4c89 4424 | 304c 894c 

  0x0000026a6c6e7174: ;   {metadata(method data for {method} {0x0000026a004350b8} 'executePrivileged' '(Ljava/security/PrivilegedExceptionAction;Ljava/security/AccessControlContext;Ljava/lang/Class;)Ljava/lang/Object;' in 'java/security/AccessController')}
  0x0000026a6c6e7174: 2428 48be | 18f8 1541 | 6a02 0000 | 8bbe cc00 | 0000 83c7 | 0289 becc | 0000 0081 | e7fe 0700 
  0x0000026a6c6e7194: 0083 ff00 | 0f84 da01 | 0000 4983 

  0x0000026a6c6e71a0: ;   {metadata(method data for {method} {0x0000026a004350b8} 'executePrivileged' '(Ljava/security/PrivilegedExceptionAction;Ljava/security/AccessControlContext;Ljava/lang/Class;)Ljava/lang/Object;' in 'java/security/AccessController')}
  0x0000026a6c6e71a0: f800 48be | 18f8 1541 | 6a02 0000 | 48bf 1001 | 0000 0000 | 0000 0f84 | 0a00 0000 | 48bf 2001 
  0x0000026a6c6e71c0: 0000 0000 | 0000 488b | 1c3e 488d | 5b01 4889 | 1c3e 4889 | 5424 200f | 841f 0000 

  0x0000026a6c6e71dc: ;   {metadata(method data for {method} {0x0000026a004350b8} 'executePrivileged' '(Ljava/security/PrivilegedExceptionAction;Ljava/security/AccessControlContext;Ljava/lang/Class;)Ljava/lang/Object;' in 'java/security/AccessController')}
  0x0000026a6c6e71dc: 0048 be18 | f815 416a | 0200 0048 | 8386 3001 | 0000 0149 | 8bd0 0f1f 

  0x0000026a6c6e71f4: ;   {static_call}
  0x0000026a6c6e71f4: 4400 00e8 

  0x0000026a6c6e71f8: ; ImmutableOopMap {[48]=Oop [32]=Oop [40]=Oop }
                      ;*invokestatic ensureMaterializedForStackWalk {reexecute=0 rethrow=0 return_oop=0}
                      ; - java.security.AccessController::executePrivileged@5 (line 810)
  0x0000026a6c6e71f8: 84a7 4007 

  0x0000026a6c6e71fc: ;   {metadata(method data for {method} {0x0000026a004350b8} 'executePrivileged' '(Ljava/security/PrivilegedExceptionAction;Ljava/security/AccessControlContext;Ljava/lang/Class;)Ljava/lang/Object;' in 'java/security/AccessController')}
  0x0000026a6c6e71fc: 48ba 18f8 | 1541 6a02 | 0000 ff82 | 4001 0000 | 488b 5424 | 2048 3b02 

  0x0000026a6c6e7214: ;   {metadata(method data for {method} {0x0000026a004350b8} 'executePrivileged' '(Ljava/security/PrivilegedExceptionAction;Ljava/security/AccessControlContext;Ljava/lang/Class;)Ljava/lang/Object;' in 'java/security/AccessController')}
  0x0000026a6c6e7214: 488b f248 | bf18 f815 | 416a 0200 | 008b 7608 | 49ba 0000 | 0000 6a02 | 0000 4903 | f248 3bb7 
  0x0000026a6c6e7234: b001 0000 | 750d 4883 | 87b8 0100 | 0001 e966 | 0000 0048 | 3bb7 c001 | 0000 750d | 4883 87c8 
  0x0000026a6c6e7254: 0100 0001 | e950 0000 | 0048 81bf | b001 0000 | 0000 0000 | 7517 4889 | b7b0 0100 | 0048 c787 
  0x0000026a6c6e7274: b801 0000 | 0100 0000 | e92c 0000 | 0048 81bf | c001 0000 | 0000 0000 | 7517 4889 | b7c0 0100 
  0x0000026a6c6e7294: 0048 c787 | c801 0000 | 0100 0000 | e908 0000 | 0048 8387 | a001 0000 | 0148 b8ff | ffff ffff 
  0x0000026a6c6e72b4: ;   {virtual_call}
  0x0000026a6c6e72b4: ffff ffe8 

  0x0000026a6c6e72b8: ; ImmutableOopMap {[48]=Oop [40]=Oop }
                      ;*invokeinterface run {reexecute=0 rethrow=0 return_oop=0}
                      ; - java.security.AccessController::executePrivileged@29 (line 814)
  0x0000026a6c6e72b8: a477 4007 

  0x0000026a6c6e72bc: ;   {metadata(method data for {method} {0x0000026a004350b8} 'executePrivileged' '(Ljava/security/PrivilegedExceptionAction;Ljava/security/AccessControlContext;Ljava/lang/Class;)Ljava/lang/Object;' in 'java/security/AccessController')}
  0x0000026a6c6e72bc: 48ba 18f8 | 1541 6a02 | 0000 ff82 | d801 0000 

  0x0000026a6c6e72cc: ;   {metadata(method data for {method} {0x0000026a004350b8} 'executePrivileged' '(Ljava/security/PrivilegedExceptionAction;Ljava/security/AccessControlContext;Ljava/lang/Class;)Ljava/lang/Object;' in 'java/security/AccessController')}
  0x0000026a6c6e72cc: 48ba 18f8 | 1541 6a02 | 0000 4883 | 8238 0200 | 0001 488b | d048 8944 

  0x0000026a6c6e72e4: ;   {static_call}
  0x0000026a6c6e72e4: 2438 90e8 

  0x0000026a6c6e72e8: ; ImmutableOopMap {[56]=Oop [40]=Oop [48]=Oop }
                      ;*invokestatic ensureMaterializedForStackWalk {reexecute=0 rethrow=0 return_oop=0}
                      ; - java.security.AccessController::executePrivileged@56 (line 822)
  0x0000026a6c6e72e8: 54a2 9807 

  0x0000026a6c6e72ec: ;   {metadata(method data for {method} {0x0000026a004350b8} 'executePrivileged' '(Ljava/security/PrivilegedExceptionAction;Ljava/security/AccessControlContext;Ljava/lang/Class;)Ljava/lang/Object;' in 'java/security/AccessController')}
  0x0000026a6c6e72ec: 48b8 18f8 | 1541 6a02 | 0000 4883 | 8048 0200 

  0x0000026a6c6e72fc: ;   {metadata(method data for {method} {0x0000026a003dccb0} 'reachabilityFence' '(Ljava/lang/Object;)V' in 'java/lang/ref/Reference')}
  0x0000026a6c6e72fc: 0001 48b8 | 90f4 1041 | 6a02 0000 | 8bb0 cc00 | 0000 83c6 | 0289 b0cc | 0000 0081 | e6fe ff1f 
  0x0000026a6c6e731c: 0083 fe00 | 0f84 7800 

  0x0000026a6c6e7324: ;   {metadata(method data for {method} {0x0000026a004350b8} 'executePrivileged' '(Ljava/security/PrivilegedExceptionAction;Ljava/security/AccessControlContext;Ljava/lang/Class;)Ljava/lang/Object;' in 'java/security/AccessController')}
  0x0000026a6c6e7324: 0000 48b8 | 18f8 1541 | 6a02 0000 | 4883 8058 | 0200 0001 

  0x0000026a6c6e7338: ;   {metadata(method data for {method} {0x0000026a003dccb0} 'reachabilityFence' '(Ljava/lang/Object;)V' in 'java/lang/ref/Reference')}
  0x0000026a6c6e7338: 48b8 90f4 | 1041 6a02 | 0000 8bb0 | cc00 0000 | 83c6 0289 | b0cc 0000 | 0081 e6fe | ff1f 0083 
  0x0000026a6c6e7358: fe00 0f84 | 5f00 0000 | 488b 4424 | 3848 83c4 

  0x0000026a6c6e7368: ;   {poll_return}
  0x0000026a6c6e7368: 505d 493b | a750 0300 | 000f 8766 | 0000 00c3 

  0x0000026a6c6e7378: ;   {metadata({method} {0x0000026a004350b8} 'executePrivileged' '(Ljava/security/PrivilegedExceptionAction;Ljava/security/AccessControlContext;Ljava/lang/Class;)Ljava/lang/Object;' in 'java/security/AccessController')}
  0x0000026a6c6e7378: 49ba b050 | 4300 6a02 | 0000 4c89 | 5424 0848 | c704 24ff 

  0x0000026a6c6e738c: ;   {runtime_call counter_overflow Runtime1 stub}
  0x0000026a6c6e738c: ffff ffe8 

  0x0000026a6c6e7390: ; ImmutableOopMap {rdx=Oop r8=Oop [48]=Oop r9=Oop [40]=Oop }
                      ;*synchronization entry
                      ; - java.security.AccessController::executePrivileged@-1 (line 809)
  0x0000026a6c6e7390: ec4a 4b07 | e905 feff 

  0x0000026a6c6e7398: ;   {runtime_call throw_null_pointer_exception Runtime1 stub}
  0x0000026a6c6e7398: ffe8 02ee 

  0x0000026a6c6e739c: ; ImmutableOopMap {[48]=Oop [40]=Oop rdx=Oop }
                      ;*invokeinterface run {reexecute=0 rethrow=0 return_oop=0}
                      ; - java.security.AccessController::executePrivileged@29 (line 814)
                      ;   {metadata({method} {0x0000026a003dccb0} 'reachabilityFence' '(Ljava/lang/Object;)V' in 'java/lang/ref/Reference')}
  0x0000026a6c6e739c: 4a07 49ba | a8cc 3d00 | 6a02 0000 | 4c89 5424 | 0848 c704 | 24ff ffff 

  0x0000026a6c6e73b4: ;   {runtime_call counter_overflow Runtime1 stub}
  0x0000026a6c6e73b4: ffe8 c64a 

  0x0000026a6c6e73b8: ; ImmutableOopMap {[56]=Oop [40]=Oop }
                      ;*synchronization entry
                      ; - java.lang.ref.Reference::reachabilityFence@-1 (line 621)
                      ; - java.security.AccessController::executePrivileged@60 (line 826)
  0x0000026a6c6e73b8: 4b07 e967 

  0x0000026a6c6e73bc: ;   {metadata({method} {0x0000026a003dccb0} 'reachabilityFence' '(Ljava/lang/Object;)V' in 'java/lang/ref/Reference')}
  0x0000026a6c6e73bc: ffff ff49 | baa8 cc3d | 006a 0200 | 004c 8954 | 2408 48c7 | 0424 ffff 

  0x0000026a6c6e73d4: ;   {runtime_call counter_overflow Runtime1 stub}
  0x0000026a6c6e73d4: ffff e8a5 

  0x0000026a6c6e73d8: ; ImmutableOopMap {[56]=Oop }
                      ;*synchronization entry
                      ; - java.lang.ref.Reference::reachabilityFence@-1 (line 621)
                      ; - java.security.AccessController::executePrivileged@64 (line 827)
  0x0000026a6c6e73d8: 4a4b 07eb 

  0x0000026a6c6e73dc: ;   {internal_word}
  0x0000026a6c6e73dc: 8349 ba6a | 736e 6c6a | 0200 004d | 8997 6803 

  0x0000026a6c6e73ec: ;   {runtime_call SafepointBlob}
  0x0000026a6c6e73ec: 0000 e90d | 0641 0790 | 9049 8b87 | e003 0000 | 49c7 87e0 | 0300 0000 | 0000 0049 | c787 e803 
  0x0000026a6c6e740c: 0000 0000 | 0000 4883 

  0x0000026a6c6e7414: ;   {runtime_call unwind_exception Runtime1 stub}
  0x0000026a6c6e7414: c450 5de9 | e40d 4207 | f4f4 f4f4 
[Stub Code]
  0x0000026a6c6e7420: ;   {no_reloc}
  0x0000026a6c6e7420: 0f1f 4400 

  0x0000026a6c6e7424: ;   {static_stub}
  0x0000026a6c6e7424: 0048 bb00 | 0000 0000 

  0x0000026a6c6e742c: ;   {runtime_call}
  0x0000026a6c6e742c: 0000 00e9 | fbff ffff 

  0x0000026a6c6e7434: ;   {static_stub}
  0x0000026a6c6e7434: 9048 bb00 | 0000 0000 

  0x0000026a6c6e743c: ;   {runtime_call}
  0x0000026a6c6e743c: 0000 00e9 | fbff ffff 

  0x0000026a6c6e7444: ;   {static_stub}
  0x0000026a6c6e7444: 9048 bb00 | 0000 0000 

  0x0000026a6c6e744c: ;   {runtime_call}
  0x0000026a6c6e744c: 0000 00e9 | fbff ffff 
[Exception Handler]
  0x0000026a6c6e7454: ;   {runtime_call handle_exception_from_callee Runtime1 stub}
  0x0000026a6c6e7454: e827 0b4b 

  0x0000026a6c6e7458: ;   {external_word}
  0x0000026a6c6e7458: 0748 b940 | ca51 7dfa | 7f00 0048 

  0x0000026a6c6e7464: ;   {runtime_call}
  0x0000026a6c6e7464: 83e4 f049 | ba30 4e1a | 7dfa 7f00 | 0041 ffd2 

  0x0000026a6c6e7474: ;   {section_word}
  0x0000026a6c6e7474: f449 ba75 | 746e 6c6a | 0200 0041 

  0x0000026a6c6e7480: ;   {runtime_call DeoptimizationBlob}
  0x0000026a6c6e7480: 52e9 1af8 | 4007 f4f4 
[/MachCode]


---------------  P R O C E S S  ---------------

Threads class SMR info:
_java_thread_list=0x0000026a454e6fe0, length=14, elements={
0x0000026a64a4e390, 0x0000026a64af7580, 0x0000026a64af8400, 0x0000026a7e45d2d0,
0x0000026a7e45dc90, 0x0000026a7e45e650, 0x0000026a7e45f010, 0x0000026a7e463dd0,
0x0000026a7e46c890, 0x0000026a7e46f2a0, 0x0000026a7e69c4b0, 0x0000026a7e6a2e00,
0x0000026a7e8730d0, 0x0000026a450b8980
}

Java Threads: ( => current thread )
=>0x0000026a64a4e390 JavaThread "main" [_thread_in_vm, id=18548, stack(0x000000d359800000,0x000000d359900000)]
  0x0000026a64af7580 JavaThread "Reference Handler" daemon [_thread_blocked, id=4724, stack(0x000000d359f00000,0x000000d35a000000)]
  0x0000026a64af8400 JavaThread "Finalizer" daemon [_thread_blocked, id=4488, stack(0x000000d35a000000,0x000000d35a100000)]
  0x0000026a7e45d2d0 JavaThread "Signal Dispatcher" daemon [_thread_blocked, id=18032, stack(0x000000d35a100000,0x000000d35a200000)]
  0x0000026a7e45dc90 JavaThread "Attach Listener" daemon [_thread_blocked, id=11836, stack(0x000000d35a200000,0x000000d35a300000)]
  0x0000026a7e45e650 JavaThread "Service Thread" daemon [_thread_blocked, id=3124, stack(0x000000d35a300000,0x000000d35a400000)]
  0x0000026a7e45f010 JavaThread "Monitor Deflation Thread" daemon [_thread_blocked, id=7604, stack(0x000000d35a400000,0x000000d35a500000)]
  0x0000026a7e463dd0 JavaThread "C2 CompilerThread0" daemon [_thread_blocked, id=9852, stack(0x000000d35a500000,0x000000d35a600000)]
  0x0000026a7e46c890 JavaThread "C1 CompilerThread0" daemon [_thread_blocked, id=8828, stack(0x000000d35a600000,0x000000d35a700000)]
  0x0000026a7e46f2a0 JavaThread "Sweeper thread" daemon [_thread_blocked, id=14768, stack(0x000000d35a700000,0x000000d35a800000)]
  0x0000026a7e69c4b0 JavaThread "Notification Thread" daemon [_thread_blocked, id=9848, stack(0x000000d35a800000,0x000000d35a900000)]
  0x0000026a7e6a2e00 JavaThread "Common-Cleaner" daemon [_thread_blocked, id=17996, stack(0x000000d35aa00000,0x000000d35ab00000)]
  0x0000026a7e8730d0 JavaThread "C2 CompilerThread1" daemon [_thread_blocked, id=3740, stack(0x000000d35ab00000,0x000000d35ac00000)]
  0x0000026a450b8980 JavaThread "pool-1-thread-1" [_thread_blocked, id=18528, stack(0x000000d35b100000,0x000000d35b200000)]

Other Threads:
  0x0000026a64af2960 VMThread "VM Thread" [stack: 0x000000d359e00000,0x000000d359f00000] [id=15964]
  0x0000026a7e69e9a0 WatcherThread [stack: 0x000000d35a900000,0x000000d35aa00000] [id=15000]
  0x0000026a64a6f800 GCTaskThread "GC Thread#0" [stack: 0x000000d359900000,0x000000d359a00000] [id=14152]
  0x0000026a7f2286e0 GCTaskThread "GC Thread#1" [stack: 0x000000d35ac00000,0x000000d35ad00000] [id=6608]
  0x0000026a7f15e840 GCTaskThread "GC Thread#2" [stack: 0x000000d35ad00000,0x000000d35ae00000] [id=14472]
  0x0000026a452fac60 GCTaskThread "GC Thread#3" [stack: 0x000000d35ae00000,0x000000d35af00000] [id=17300]
  0x0000026a7ee19a00 GCTaskThread "GC Thread#4" [stack: 0x000000d35af00000,0x000000d35b000000] [id=1760]
  0x0000026a64a70f50 ConcurrentGCThread "G1 Main Marker" [stack: 0x000000d359a00000,0x000000d359b00000] [id=16040]
  0x0000026a64a71970 ConcurrentGCThread "G1 Conc#0" [stack: 0x000000d359b00000,0x000000d359c00000] [id=2164]
  0x0000026a64ad73a0 ConcurrentGCThread "G1 Refine#0" [stack: 0x000000d359c00000,0x000000d359d00000] [id=2940]
  0x0000026a64ad7dd0 ConcurrentGCThread "G1 Service" [stack: 0x000000d359d00000,0x000000d359e00000] [id=10772]

Threads with active compile tasks:

VM state: not at safepoint (normal execution)

VM Mutex/Monitor currently owned by a thread: None

Heap address: 0x00000000fc000000, size: 64 MB, Compressed Oops mode: 32-bit

CDS archive(s) mapped at: [0x0000026a00000000-0x0000026a00bb0000-0x0000026a00bb0000), size 12255232, SharedBaseAddress: 0x0000026a00000000, ArchiveRelocationMode: 1.
Compressed class space mapped at: 0x0000026a01000000-0x0000026a41000000, reserved size: 1073741824
Narrow klass base: 0x0000026a00000000, Narrow klass shift: 0, Narrow klass range: 0x100000000

GC Precious Log:
 CPUs: 8 total, 8 available
 Memory: 16215M
 Large Page Support: Disabled
 NUMA Support: Disabled
 Compressed Oops: Enabled (32-bit)
 Heap Region Size: 1M
 Heap Min Capacity: 64M
 Heap Initial Capacity: 64M
 Heap Max Capacity: 64M
 Pre-touch: Disabled
 Parallel Workers: 8
 Concurrent Workers: 2
 Concurrent Refinement Workers: 8
 Periodic GC: Disabled

Heap:
 garbage-first heap   total 65536K, used 31652K [0x00000000fc000000, 0x0000000100000000)
  region size 1024K, 24 young (24576K), 3 survivors (3072K)
 Metaspace       used 8431K, committed 8704K, reserved 1114112K
  class space    used 1149K, committed 1280K, reserved 1048576K

Heap Regions: E=young(eden), S=young(survivor), O=old, HS=humongous(starts), HC=humongous(continues), CS=collection set, F=free, OA=open archive, CA=closed archive, TAMS=top-at-mark-start (previous, next)
|   0|0x00000000fc000000, 0x00000000fc100000, 0x00000000fc100000|100%|HS|  |TAMS 0x00000000fc000000, 0x00000000fc000000| Complete 
|   1|0x00000000fc100000, 0x00000000fc200000, 0x00000000fc200000|100%|HC|  |TAMS 0x00000000fc100000, 0x00000000fc100000| Complete 
|   2|0x00000000fc200000, 0x00000000fc300000, 0x00000000fc300000|100%|HC|  |TAMS 0x00000000fc200000, 0x00000000fc200000| Complete 
|   3|0x00000000fc300000, 0x00000000fc400000, 0x00000000fc400000|100%|HC|  |TAMS 0x00000000fc300000, 0x00000000fc300000| Complete 
|   4|0x00000000fc400000, 0x00000000fc500000, 0x00000000fc500000|100%| O|  |TAMS 0x00000000fc400000, 0x00000000fc400000| Untracked 
|   5|0x00000000fc500000, 0x00000000fc600000, 0x00000000fc600000|100%| O|  |TAMS 0x00000000fc500000, 0x00000000fc500000| Untracked 
|   6|0x00000000fc600000, 0x00000000fc700000, 0x00000000fc700000|100%| O|  |TAMS 0x00000000fc600000, 0x00000000fc600000| Untracked 
|   7|0x00000000fc700000, 0x00000000fc7e9200, 0x00000000fc800000| 91%| O|  |TAMS 0x00000000fc700000, 0x00000000fc700000| Untracked 
|   8|0x00000000fc800000, 0x00000000fc800000, 0x00000000fc900000|  0%| F|  |TAMS 0x00000000fc800000, 0x00000000fc800000| Untracked 
|   9|0x00000000fc900000, 0x00000000fc900000, 0x00000000fca00000|  0%| F|  |TAMS 0x00000000fc900000, 0x00000000fc900000| Untracked 
|  10|0x00000000fca00000, 0x00000000fca00000, 0x00000000fcb00000|  0%| F|  |TAMS 0x00000000fca00000, 0x00000000fca00000| Untracked 
|  11|0x00000000fcb00000, 0x00000000fcb00000, 0x00000000fcc00000|  0%| F|  |TAMS 0x00000000fcb00000, 0x00000000fcb00000| Untracked 
|  12|0x00000000fcc00000, 0x00000000fcc00000, 0x00000000fcd00000|  0%| F|  |TAMS 0x00000000fcc00000, 0x00000000fcc00000| Untracked 
|  13|0x00000000fcd00000, 0x00000000fcd00000, 0x00000000fce00000|  0%| F|  |TAMS 0x00000000fcd00000, 0x00000000fcd00000| Untracked 
|  14|0x00000000fce00000, 0x00000000fce00000, 0x00000000fcf00000|  0%| F|  |TAMS 0x00000000fce00000, 0x00000000fce00000| Untracked 
|  15|0x00000000fcf00000, 0x00000000fcf00000, 0x00000000fd000000|  0%| F|  |TAMS 0x00000000fcf00000, 0x00000000fcf00000| Untracked 
|  16|0x00000000fd000000, 0x00000000fd000000, 0x00000000fd100000|  0%| F|  |TAMS 0x00000000fd000000, 0x00000000fd000000| Untracked 
|  17|0x00000000fd100000, 0x00000000fd100000, 0x00000000fd200000|  0%| F|  |TAMS 0x00000000fd100000, 0x00000000fd100000| Untracked 
|  18|0x00000000fd200000, 0x00000000fd200000, 0x00000000fd300000|  0%| F|  |TAMS 0x00000000fd200000, 0x00000000fd200000| Untracked 
|  19|0x00000000fd300000, 0x00000000fd300000, 0x00000000fd400000|  0%| F|  |TAMS 0x00000000fd300000, 0x00000000fd300000| Untracked 
|  20|0x00000000fd400000, 0x00000000fd400000, 0x00000000fd500000|  0%| F|  |TAMS 0x00000000fd400000, 0x00000000fd400000| Untracked 
|  21|0x00000000fd500000, 0x00000000fd500000, 0x00000000fd600000|  0%| F|  |TAMS 0x00000000fd500000, 0x00000000fd500000| Untracked 
|  22|0x00000000fd600000, 0x00000000fd600000, 0x00000000fd700000|  0%| F|  |TAMS 0x00000000fd600000, 0x00000000fd600000| Untracked 
|  23|0x00000000fd700000, 0x00000000fd700000, 0x00000000fd800000|  0%| F|  |TAMS 0x00000000fd700000, 0x00000000fd700000| Untracked 
|  24|0x00000000fd800000, 0x00000000fd800000, 0x00000000fd900000|  0%| F|  |TAMS 0x00000000fd800000, 0x00000000fd800000| Untracked 
|  25|0x00000000fd900000, 0x00000000fd900000, 0x00000000fda00000|  0%| F|  |TAMS 0x00000000fd900000, 0x00000000fd900000| Untracked 
|  26|0x00000000fda00000, 0x00000000fda00000, 0x00000000fdb00000|  0%| F|  |TAMS 0x00000000fda00000, 0x00000000fda00000| Untracked 
|  27|0x00000000fdb00000, 0x00000000fdb00000, 0x00000000fdc00000|  0%| F|  |TAMS 0x00000000fdb00000, 0x00000000fdb00000| Untracked 
|  28|0x00000000fdc00000, 0x00000000fdc00000, 0x00000000fdd00000|  0%| F|  |TAMS 0x00000000fdc00000, 0x00000000fdc00000| Untracked 
|  29|0x00000000fdd00000, 0x00000000fdd00000, 0x00000000fde00000|  0%| F|  |TAMS 0x00000000fdd00000, 0x00000000fdd00000| Untracked 
|  30|0x00000000fde00000, 0x00000000fde00000, 0x00000000fdf00000|  0%| F|  |TAMS 0x00000000fde00000, 0x00000000fde00000| Untracked 
|  31|0x00000000fdf00000, 0x00000000fdf00000, 0x00000000fe000000|  0%| F|  |TAMS 0x00000000fdf00000, 0x00000000fdf00000| Untracked 
|  32|0x00000000fe000000, 0x00000000fe000000, 0x00000000fe100000|  0%| F|  |TAMS 0x00000000fe000000, 0x00000000fe000000| Untracked 
|  33|0x00000000fe100000, 0x00000000fe100000, 0x00000000fe200000|  0%| F|  |TAMS 0x00000000fe100000, 0x00000000fe100000| Untracked 
|  34|0x00000000fe200000, 0x00000000fe200000, 0x00000000fe300000|  0%| F|  |TAMS 0x00000000fe200000, 0x00000000fe200000| Untracked 
|  35|0x00000000fe300000, 0x00000000fe300000, 0x00000000fe400000|  0%| F|  |TAMS 0x00000000fe300000, 0x00000000fe300000| Untracked 
|  36|0x00000000fe400000, 0x00000000fe400000, 0x00000000fe500000|  0%| F|  |TAMS 0x00000000fe400000, 0x00000000fe400000| Untracked 
|  37|0x00000000fe500000, 0x00000000fe500000, 0x00000000fe600000|  0%| F|  |TAMS 0x00000000fe500000, 0x00000000fe500000| Untracked 
|  38|0x00000000fe600000, 0x00000000fe700000, 0x00000000fe700000|100%| S|CS|TAMS 0x00000000fe600000, 0x00000000fe600000| Complete 
|  39|0x00000000fe700000, 0x00000000fe800000, 0x00000000fe800000|100%| S|CS|TAMS 0x00000000fe700000, 0x00000000fe700000| Complete 
|  40|0x00000000fe800000, 0x00000000fe900000, 0x00000000fe900000|100%| S|CS|TAMS 0x00000000fe800000, 0x00000000fe800000| Complete 
|  41|0x00000000fe900000, 0x00000000fe900000, 0x00000000fea00000|  0%| F|  |TAMS 0x00000000fe900000, 0x00000000fe900000| Untracked 
|  42|0x00000000fea00000, 0x00000000fea00000, 0x00000000feb00000|  0%| F|  |TAMS 0x00000000fea00000, 0x00000000fea00000| Untracked 
|  43|0x00000000feb00000, 0x00000000fec00000, 0x00000000fec00000|100%| E|  |TAMS 0x00000000feb00000, 0x00000000feb00000| Complete 
|  44|0x00000000fec00000, 0x00000000fed00000, 0x00000000fed00000|100%| E|CS|TAMS 0x00000000fec00000, 0x00000000fec00000| Complete 
|  45|0x00000000fed00000, 0x00000000fee00000, 0x00000000fee00000|100%| E|CS|TAMS 0x00000000fed00000, 0x00000000fed00000| Complete 
|  46|0x00000000fee00000, 0x00000000fef00000, 0x00000000fef00000|100%| E|CS|TAMS 0x00000000fee00000, 0x00000000fee00000| Complete 
|  47|0x00000000fef00000, 0x00000000ff000000, 0x00000000ff000000|100%| E|CS|TAMS 0x00000000fef00000, 0x00000000fef00000| Complete 
|  48|0x00000000ff000000, 0x00000000ff100000, 0x00000000ff100000|100%| E|CS|TAMS 0x00000000ff000000, 0x00000000ff000000| Complete 
|  49|0x00000000ff100000, 0x00000000ff200000, 0x00000000ff200000|100%| E|CS|TAMS 0x00000000ff100000, 0x00000000ff100000| Complete 
|  50|0x00000000ff200000, 0x00000000ff300000, 0x00000000ff300000|100%| E|CS|TAMS 0x00000000ff200000, 0x00000000ff200000| Complete 
|  51|0x00000000ff300000, 0x00000000ff400000, 0x00000000ff400000|100%| E|CS|TAMS 0x00000000ff300000, 0x00000000ff300000| Complete 
|  52|0x00000000ff400000, 0x00000000ff500000, 0x00000000ff500000|100%| E|CS|TAMS 0x00000000ff400000, 0x00000000ff400000| Complete 
|  53|0x00000000ff500000, 0x00000000ff600000, 0x00000000ff600000|100%| E|CS|TAMS 0x00000000ff500000, 0x00000000ff500000| Complete 
|  54|0x00000000ff600000, 0x00000000ff700000, 0x00000000ff700000|100%| E|CS|TAMS 0x00000000ff600000, 0x00000000ff600000| Complete 
|  55|0x00000000ff700000, 0x00000000ff800000, 0x00000000ff800000|100%| E|CS|TAMS 0x00000000ff700000, 0x00000000ff700000| Complete 
|  56|0x00000000ff800000, 0x00000000ff900000, 0x00000000ff900000|100%| E|CS|TAMS 0x00000000ff800000, 0x00000000ff800000| Complete 
|  57|0x00000000ff900000, 0x00000000ffa00000, 0x00000000ffa00000|100%| E|CS|TAMS 0x00000000ff900000, 0x00000000ff900000| Complete 
|  58|0x00000000ffa00000, 0x00000000ffb00000, 0x00000000ffb00000|100%| E|CS|TAMS 0x00000000ffa00000, 0x00000000ffa00000| Complete 
|  59|0x00000000ffb00000, 0x00000000ffc00000, 0x00000000ffc00000|100%| E|CS|TAMS 0x00000000ffb00000, 0x00000000ffb00000| Complete 
|  60|0x00000000ffc00000, 0x00000000ffd00000, 0x00000000ffd00000|100%| E|CS|TAMS 0x00000000ffc00000, 0x00000000ffc00000| Complete 
|  61|0x00000000ffd00000, 0x00000000ffe00000, 0x00000000ffe00000|100%| E|CS|TAMS 0x00000000ffd00000, 0x00000000ffd00000| Complete 
|  62|0x00000000ffe00000, 0x00000000fff00000, 0x00000000fff00000|100%| E|CS|TAMS 0x00000000ffe00000, 0x00000000ffe00000| Complete 
|  63|0x00000000fff00000, 0x0000000100000000, 0x0000000100000000|100%| E|CS|TAMS 0x00000000fff00000, 0x00000000fff00000| Complete 

Card table byte_map: [0x0000026a64930000,0x0000026a64950000] _byte_map_base: 0x0000026a64150000

Marking Bits (Prev, Next): (CMBitMap*) 0x0000026a64a6fe20, (CMBitMap*) 0x0000026a64a6fe60
 Prev Bits: [0x0000026a7b8b0000, 0x0000026a7b9b0000)
 Next Bits: [0x0000026a7b9b0000, 0x0000026a7bab0000)

Polling page: 0x0000026a62a00000

Metaspace:

Usage:
  Non-class:      7.11 MB used.
      Class:      1.12 MB used.
       Both:      8.23 MB used.

Virtual space:
  Non-class space:       64.00 MB reserved,       7.25 MB ( 11%) committed,  1 nodes.
      Class space:        1.00 GB reserved,       1.25 MB ( <1%) committed,  1 nodes.
             Both:        1.06 GB reserved,       8.50 MB ( <1%) committed. 

Chunk freelists:
   Non-Class:  7.98 MB
       Class:  14.61 MB
        Both:  22.59 MB

MaxMetaspaceSize: unlimited
CompressedClassSpaceSize: 1.00 GB
Initial GC threshold: 21.00 MB
Current GC threshold: 21.00 MB
CDS: on
MetaspaceReclaimPolicy: balanced
 - commit_granule_bytes: 65536.
 - commit_granule_words: 8192.
 - virtual_space_node_default_size: 8388608.
 - enlarge_chunks_in_place: 1.
 - new_chunks_are_fully_committed: 0.
 - uncommit_free_chunks: 1.
 - use_allocation_guard: 0.
 - handle_deallocations: 1.


Internal statistics:

num_allocs_failed_limit: 0.
num_arena_births: 76.
num_arena_deaths: 0.
num_vsnodes_births: 2.
num_vsnodes_deaths: 0.
num_space_committed: 136.
num_space_uncommitted: 0.
num_chunks_returned_to_freelist: 0.
num_chunks_taken_from_freelist: 297.
num_chunk_merges: 0.
num_chunk_splits: 209.
num_chunks_enlarged: 178.
num_inconsistent_stats: 0.

CodeHeap 'non-profiled nmethods': size=120000Kb used=542Kb max_used=542Kb free=119457Kb
 bounds [0x0000026a74040000, 0x0000026a742b0000, 0x0000026a7b570000]
CodeHeap 'profiled nmethods': size=120000Kb used=2343Kb max_used=2343Kb free=117656Kb
 bounds [0x0000026a6c570000, 0x0000026a6c7e0000, 0x0000026a73aa0000]
CodeHeap 'non-nmethods': size=5760Kb used=1165Kb max_used=1181Kb free=4595Kb
 bounds [0x0000026a73aa0000, 0x0000026a73d10000, 0x0000026a74040000]
 total_blobs=1686 nmethods=1226 adapters=373
 compilation: enabled
              stopped_count=0, restarted_count=0
 full_count=0

Compilation events (20 events):
Event: 1.132 Thread 0x0000026a7e46c890 1218       3       java.lang.Class::descriptorString (170 bytes)
Event: 1.134 Thread 0x0000026a7e46c890 nmethod 1218 0x0000026a6c7b6110 code [0x0000026a6c7b65e0, 0x0000026a6c7b81f8]
Event: 1.134 Thread 0x0000026a7e46c890 1217       1       java.lang.invoke.InfoFromMemberName::getReferenceKind (5 bytes)
Event: 1.134 Thread 0x0000026a7e46c890 nmethod 1217 0x0000026a740c5590 code [0x0000026a740c5720, 0x0000026a740c57f8]
Event: 1.135 Thread 0x0000026a7e463dd0 1219  s    4       jdk.internal.perf.PerfCounter::add (18 bytes)
Event: 1.138 Thread 0x0000026a7e463dd0 nmethod 1219 0x0000026a740c5890 code [0x0000026a740c5a40, 0x0000026a740c5e70]
Event: 1.139 Thread 0x0000026a7e46c890 1220       3       jdk.internal.org.objectweb.asm.Attribute::putAttributes (78 bytes)
Event: 1.139 Thread 0x0000026a7e46c890 nmethod 1220 0x0000026a6c7b8b90 code [0x0000026a6c7b8de0, 0x0000026a6c7b9318]
Event: 1.139 Thread 0x0000026a7e46c890 1221       3       java.util.ImmutableCollections$ListN::size (6 bytes)
Event: 1.139 Thread 0x0000026a7e46c890 nmethod 1221 0x0000026a6c7b9610 code [0x0000026a6c7b97a0, 0x0000026a6c7b98b8]
Event: 1.140 Thread 0x0000026a7e463dd0 1222       4       java.util.ArrayList$Itr::hasNext (20 bytes)
Event: 1.140 Thread 0x0000026a7e46c890 1223       1       java.security.Provider$Service::getType (5 bytes)
Event: 1.140 Thread 0x0000026a7e46c890 nmethod 1223 0x0000026a740c6210 code [0x0000026a740c63a0, 0x0000026a740c6478]
Event: 1.140 Thread 0x0000026a7e46c890 1224       1       java.security.Provider$Service::getAlgorithm (5 bytes)
Event: 1.140 Thread 0x0000026a7e46c890 nmethod 1224 0x0000026a740c6510 code [0x0000026a740c66a0, 0x0000026a740c6778]
Event: 1.140 Thread 0x0000026a7e46c890 1226       3       java.security.Provider$ServiceKey::hashCode (19 bytes)
Event: 1.140 Thread 0x0000026a7e46c890 nmethod 1226 0x0000026a6c7b9990 code [0x0000026a6c7b9b40, 0x0000026a6c7b9cd8]
Event: 1.140 Thread 0x0000026a7e46c890 1225       1       java.security.Provider$Service::getAliases (5 bytes)
Event: 1.140 Thread 0x0000026a7e46c890 nmethod 1225 0x0000026a740c6810 code [0x0000026a740c69a0, 0x0000026a740c6a78]
Event: 1.140 Thread 0x0000026a7e463dd0 nmethod 1222 0x0000026a740c6b10 code [0x0000026a740c6c80, 0x0000026a740c6d18]

GC Heap History (2 events):
Event: 0.628 GC heap before
{Heap before GC invocations=0 (full 0):
 garbage-first heap   total 65536K, used 26624K [0x00000000fc000000, 0x0000000100000000)
  region size 1024K, 23 young (23552K), 0 survivors (0K)
 Metaspace       used 2636K, committed 2816K, reserved 1114112K
  class space    used 278K, committed 384K, reserved 1048576K
}
Event: 0.634 GC heap after
{Heap after GC invocations=1 (full 0):
 garbage-first heap   total 65536K, used 11172K [0x00000000fc000000, 0x0000000100000000)
  region size 1024K, 3 young (3072K), 3 survivors (3072K)
 Metaspace       used 2636K, committed 2816K, reserved 1114112K
  class space    used 278K, committed 384K, reserved 1048576K
}

Dll operation events (12 events):
Event: 0.007 Loaded shared library C:\Program Files\Microsoft\jdk-17.0.11.9-hotspot\bin\java.dll
Event: 0.022 Loaded shared library C:\Program Files\Microsoft\jdk-17.0.11.9-hotspot\bin\jsvml.dll
Event: 0.046 Loaded shared library C:\Program Files\Microsoft\jdk-17.0.11.9-hotspot\bin\net.dll
Event: 0.047 Loaded shared library C:\Program Files\Microsoft\jdk-17.0.11.9-hotspot\bin\nio.dll
Event: 0.049 Loaded shared library C:\Program Files\Microsoft\jdk-17.0.11.9-hotspot\bin\zip.dll
Event: 0.052 Loaded shared library C:\Program Files\Microsoft\jdk-17.0.11.9-hotspot\bin\verify.dll
Event: 0.431 Loaded shared library C:\Program Files\Microsoft\jdk-17.0.11.9-hotspot\bin\jimage.dll
Event: 0.772 Loaded shared library C:\Users\farha\.gradle\native\c067742578af261105cb4f569cf0c3c89f3d7b1fecec35dd04571415982c5e48\windows-amd64\native-platform.dll
Event: 0.785 Loaded shared library C:\Users\farha\.gradle\native\jansi\1.18\windows64\jansi.dll
Event: 0.900 Loaded shared library C:\Program Files\Microsoft\jdk-17.0.11.9-hotspot\bin\management.dll
Event: 0.902 Loaded shared library C:\Program Files\Microsoft\jdk-17.0.11.9-hotspot\bin\management_ext.dll
Event: 1.114 Loaded shared library C:\Program Files\Microsoft\jdk-17.0.11.9-hotspot\bin\extnet.dll

Deoptimization events (20 events):
Event: 0.861 Thread 0x0000026a64a4e390 DEOPT PACKING pc=0x0000026a6c6261e5 sp=0x000000d3598fa530
Event: 0.861 Thread 0x0000026a64a4e390 DEOPT UNPACKING pc=0x0000026a73af7143 sp=0x000000d3598f9980 mode 0
Event: 0.884 Thread 0x0000026a64a4e390 Uncommon trap: trap_request=0xffffff45 fr.pc=0x0000026a740985d4 relative=0x00000000000004f4
Event: 0.884 Thread 0x0000026a64a4e390 Uncommon trap: reason=unstable_if action=reinterpret pc=0x0000026a740985d4 method=java.util.HashMap.hash(Ljava/lang/Object;)I @ 1 c2
Event: 0.885 Thread 0x0000026a64a4e390 DEOPT PACKING pc=0x0000026a740985d4 sp=0x000000d3598fc8d0
Event: 0.885 Thread 0x0000026a64a4e390 DEOPT UNPACKING pc=0x0000026a73af69a3 sp=0x000000d3598fc778 mode 2
Event: 0.885 Thread 0x0000026a64a4e390 Uncommon trap: trap_request=0xffffff45 fr.pc=0x0000026a7408541c relative=0x00000000000004bc
Event: 0.885 Thread 0x0000026a64a4e390 Uncommon trap: reason=unstable_if action=reinterpret pc=0x0000026a7408541c method=java.util.HashMap.hash(Ljava/lang/Object;)I @ 1 c2
Event: 0.885 Thread 0x0000026a64a4e390 DEOPT PACKING pc=0x0000026a7408541c sp=0x000000d3598fc860
Event: 0.885 Thread 0x0000026a64a4e390 DEOPT UNPACKING pc=0x0000026a73af69a3 sp=0x000000d3598fc778 mode 2
Event: 0.917 Thread 0x0000026a64a4e390 DEOPT PACKING pc=0x0000026a6c6ab938 sp=0x000000d3598f9ad0
Event: 0.917 Thread 0x0000026a64a4e390 DEOPT UNPACKING pc=0x0000026a73af7143 sp=0x000000d3598f8fe8 mode 0
Event: 1.126 Thread 0x0000026a64a4e390 Uncommon trap: trap_request=0xffffff45 fr.pc=0x0000026a74080c24 relative=0x0000000000000664
Event: 1.126 Thread 0x0000026a64a4e390 Uncommon trap: reason=unstable_if action=reinterpret pc=0x0000026a74080c24 method=java.lang.AbstractStringBuilder.append(Ljava/lang/String;)Ljava/lang/AbstractStringBuilder; @ 1 c2
Event: 1.126 Thread 0x0000026a64a4e390 DEOPT PACKING pc=0x0000026a74080c24 sp=0x000000d3598fc480
Event: 1.126 Thread 0x0000026a64a4e390 DEOPT UNPACKING pc=0x0000026a73af69a3 sp=0x000000d3598fc400 mode 2
Event: 1.128 Thread 0x0000026a64a4e390 Uncommon trap: trap_request=0xffffff45 fr.pc=0x0000026a74086024 relative=0x0000000000000664
Event: 1.128 Thread 0x0000026a64a4e390 Uncommon trap: reason=unstable_if action=reinterpret pc=0x0000026a74086024 method=java.lang.AbstractStringBuilder.append(Ljava/lang/String;)Ljava/lang/AbstractStringBuilder; @ 1 c2
Event: 1.128 Thread 0x0000026a64a4e390 DEOPT PACKING pc=0x0000026a74086024 sp=0x000000d3598fc490
Event: 1.128 Thread 0x0000026a64a4e390 DEOPT UNPACKING pc=0x0000026a73af69a3 sp=0x000000d3598fc468 mode 2

Classes unloaded (0 events):
No events

Classes redefined (0 events):
No events

Internal exceptions (20 events):
Event: 0.116 Thread 0x0000026a64a4e390 Exception <a 'java/lang/NoSuchMethodError'{0x00000000ffc57c30}: 'int java.lang.invoke.DirectMethodHandle$Holder.invokeStaticInit(java.lang.Object, java.lang.Object)'> (0x00000000ffc57c30) 
thrown [s\src\hotspot\share\interpreter\linkResolver.cpp, line 759]
Event: 0.722 Thread 0x0000026a64a4e390 Exception <a 'java/lang/NoSuchMethodError'{0x00000000ffc93f40}: 'void java.lang.invoke.DirectMethodHandle$Holder.invokeStatic(java.lang.Object, java.lang.Object)'> (0x00000000ffc93f40) 
thrown [s\src\hotspot\share\interpreter\linkResolver.cpp, line 759]
Event: 0.736 Thread 0x0000026a64a4e390 Exception <a 'java/lang/NoClassDefFoundError'{0x00000000ffb2a460}: org/slf4j/impl/StaticMarkerBinder> (0x00000000ffb2a460) 
thrown [s\src\hotspot\share\classfile\systemDictionary.cpp, line 245]
Event: 0.746 Thread 0x0000026a64a4e390 Exception <a 'java/lang/NoSuchMethodError'{0x00000000ffb9ba48}: 'java.lang.Object java.lang.invoke.DirectMethodHandle$Holder.invokeVirtual(java.lang.Object, java.lang.Object, java.lang.Object)'> (0x00000000ffb9ba48) 
thrown [s\src\hotspot\share\interpreter\linkResolver.cpp, line 759]
Event: 0.755 Thread 0x0000026a64a4e390 Exception <a 'java/lang/NoSuchMethodError'{0x00000000ffbe2528}: 'java.lang.Object java.lang.invoke.DirectMethodHandle$Holder.invokeVirtual(java.lang.Object, java.lang.Object, java.lang.Object, java.lang.Object, java.lang.Object, java.lang.Object, java.lang.Object)'> (0x00000000ffbe2528) 
thrown [s\src\hotspot\share\interpreter\linkResolver.cpp, line 759]
Event: 0.756 Thread 0x0000026a64a4e390 Exception <a 'java/lang/NoSuchMethodError'{0x00000000ffbf3b50}: 'java.lang.Object java.lang.invoke.Invokers$Holder.invoker(java.lang.Object, java.lang.Object, java.lang.Object)'> (0x00000000ffbf3b50) 
thrown [s\src\hotspot\share\interpreter\linkResolver.cpp, line 759]
Event: 0.758 Thread 0x0000026a64a4e390 Exception <a 'java/lang/NoSuchMethodError'{0x00000000ffbfca40}: 'java.lang.Object java.lang.invoke.DirectMethodHandle$Holder.invokeStatic(java.lang.Object, java.lang.Object, int)'> (0x00000000ffbfca40) 
thrown [s\src\hotspot\share\interpreter\linkResolver.cpp, line 759]
Event: 0.759 Thread 0x0000026a64a4e390 Exception <a 'java/lang/NoSuchMethodError'{0x00000000ffa08e48}: 'void java.lang.invoke.DelegatingMethodHandle$Holder.delegate(java.lang.Object, java.lang.Object, int, java.lang.Object)'> (0x00000000ffa08e48) 
thrown [s\src\hotspot\share\interpreter\linkResolver.cpp, line 759]
Event: 0.759 Thread 0x0000026a64a4e390 Exception <a 'java/lang/NoSuchMethodError'{0x00000000ffa0cf90}: 'int java.lang.invoke.DirectMethodHandle$Holder.invokeSpecial(java.lang.Object, java.lang.Object, java.lang.Object)'> (0x00000000ffa0cf90) 
thrown [s\src\hotspot\share\interpreter\linkResolver.cpp, line 759]
Event: 0.762 Thread 0x0000026a64a4e390 Exception <a 'java/lang/NoSuchMethodError'{0x00000000ffa200d8}: 'java.lang.Object java.lang.invoke.Invokers$Holder.invokeExact_MT(java.lang.Object, java.lang.Object, java.lang.Object, java.lang.Object)'> (0x00000000ffa200d8) 
thrown [s\src\hotspot\share\interpreter\linkResolver.cpp, line 759]
Event: 0.876 Thread 0x0000026a64a4e390 Exception <a 'java/lang/NoSuchMethodError'{0x00000000ff4cf598}: 'void java.lang.invoke.DirectMethodHandle$Holder.invokeSpecial(java.lang.Object, java.lang.Object, java.lang.Object)'> (0x00000000ff4cf598) 
thrown [s\src\hotspot\share\interpreter\linkResolver.cpp, line 759]
Event: 0.884 Thread 0x0000026a64a4e390 Implicit null exception at 0x0000026a7409812c to 0x0000026a740985b4
Event: 0.885 Thread 0x0000026a64a4e390 Implicit null exception at 0x0000026a74084fac to 0x0000026a740853fc
Event: 0.899 Thread 0x0000026a64a4e390 Exception <a 'java/lang/NoSuchMethodError'{0x00000000ff24d7c0}: 'java.lang.Object java.lang.invoke.DirectMethodHandle$Holder.invokeStaticInit(java.lang.Object)'> (0x00000000ff24d7c0) 
thrown [s\src\hotspot\share\interpreter\linkResolver.cpp, line 759]
Event: 0.915 Thread 0x0000026a64a4e390 Exception <a 'java/lang/NoSuchMethodError'{0x00000000ff14f840}: 'int java.lang.invoke.DirectMethodHandle$Holder.invokeVirtual(java.lang.Object, java.lang.Object, java.lang.Object)'> (0x00000000ff14f840) 
thrown [s\src\hotspot\share\interpreter\linkResolver.cpp, line 759]
Event: 0.974 Thread 0x0000026a64a4e390 Exception <a 'java/lang/NoSuchMethodError'{0x00000000fec027b8}: 'java.lang.Object java.lang.invoke.DirectMethodHandle$Holder.invokeStaticInit(java.lang.Object, int, int, int, int)'> (0x00000000fec027b8) 
thrown [s\src\hotspot\share\interpreter\linkResolver.cpp, line 759]
Event: 1.036 Thread 0x0000026a64a4e390 Exception <a 'java/lang/NoSuchMethodError'{0x00000000fec884e0}: 'java.lang.Object java.lang.invoke.DirectMethodHandle$Holder.invokeStaticInit(java.lang.Object, java.lang.Object, int, int, int, int)'> (0x00000000fec884e0) 
thrown [s\src\hotspot\share\interpreter\linkResolver.cpp, line 759]
Event: 1.115 Thread 0x0000026a64a4e390 Exception <a 'java/lang/NoSuchMethodError'{0x00000000fecb93e8}: 'void java.lang.invoke.DirectMethodHandle$Holder.invokeStatic(java.lang.Object, java.lang.Object, java.lang.Object)'> (0x00000000fecb93e8) 
thrown [s\src\hotspot\share\interpreter\linkResolver.cpp, line 759]
Event: 1.126 Thread 0x0000026a64a4e390 Implicit null exception at 0x0000026a740805f2 to 0x0000026a74080c0c
Event: 1.128 Thread 0x0000026a64a4e390 Implicit null exception at 0x0000026a740859f2 to 0x0000026a7408600c

VM Operations (20 events):
Event: 0.050 Executing VM operation: HandshakeAllThreads
Event: 0.050 Executing VM operation: HandshakeAllThreads done
Event: 0.624 Executing VM operation: HandshakeAllThreads
Event: 0.624 Executing VM operation: HandshakeAllThreads done
Event: 0.628 Executing VM operation: G1CollectForAllocation
Event: 0.636 Executing VM operation: G1CollectForAllocation done
Event: 0.733 Executing VM operation: HandshakeAllThreads
Event: 0.733 Executing VM operation: HandshakeAllThreads done
Event: 0.734 Executing VM operation: HandshakeAllThreads
Event: 0.734 Executing VM operation: HandshakeAllThreads done
Event: 0.757 Executing VM operation: HandshakeAllThreads
Event: 0.757 Executing VM operation: HandshakeAllThreads done
Event: 0.909 Executing VM operation: HandshakeAllThreads
Event: 0.909 Executing VM operation: HandshakeAllThreads done
Event: 0.910 Executing VM operation: HandshakeAllThreads
Event: 0.910 Executing VM operation: HandshakeAllThreads done
Event: 0.946 Executing VM operation: HandshakeAllThreads
Event: 0.946 Executing VM operation: HandshakeAllThreads done
Event: 1.028 Executing VM operation: HandshakeAllThreads
Event: 1.028 Executing VM operation: HandshakeAllThreads done

Events (20 events):
Event: 1.138 loading class sun/nio/ch/PipeImpl$Initializer
Event: 1.138 loading class sun/nio/ch/PipeImpl$Initializer done
Event: 1.138 loading class sun/nio/ch/PipeImpl$Initializer$LoopbackConnector
Event: 1.138 loading class sun/nio/ch/PipeImpl$Initializer$LoopbackConnector done
Event: 1.139 loading class sun/nio/ch/UnixDomainSockets
Event: 1.139 loading class sun/nio/ch/UnixDomainSockets done
Event: 1.139 loading class java/net/UnixDomainSocketAddress
Event: 1.139 loading class java/net/UnixDomainSocketAddress done
Event: 1.139 loading class sun/nio/ch/UnixDomainSocketsUtil
Event: 1.139 loading class sun/nio/ch/UnixDomainSocketsUtil done
Event: 1.139 loading class sun/security/rsa/SunRsaSign
Event: 1.139 loading class sun/security/rsa/SunRsaSign done
Event: 1.139 loading class sun/security/rsa/SunRsaSignEntries
Event: 1.139 loading class sun/security/rsa/SunRsaSignEntries done
Event: 1.140 loading class sun/security/jca/ProviderConfig$3
Event: 1.140 loading class sun/security/jca/ProviderConfig$3 done
Event: 1.140 loading class sun/security/jca/ProviderConfig$ProviderLoader
Event: 1.140 loading class sun/security/jca/ProviderConfig$ProviderLoader done
Event: 1.140 loading class jdk/internal/module/ModulePatcher$PatchedModuleReader
Event: 1.140 loading class jdk/internal/module/ModulePatcher$PatchedModuleReader done


Dynamic libraries:
0x00007ff7dd910000 - 0x00007ff7dd91e000 	C:\Program Files\Microsoft\jdk-17.0.11.9-hotspot\bin\java.exe
0x00007ffb06450000 - 0x00007ffb06667000 	C:\Windows\SYSTEM32\ntdll.dll
0x00007ffb05cb0000 - 0x00007ffb05d74000 	C:\Windows\System32\KERNEL32.DLL
0x00007ffb037e0000 - 0x00007ffb03b9a000 	C:\Windows\System32\KERNELBASE.dll
0x00007ffb03d90000 - 0x00007ffb03ea1000 	C:\Windows\System32\ucrtbase.dll
0x00007ffae5b30000 - 0x00007ffae5b4b000 	C:\Program Files\Microsoft\jdk-17.0.11.9-hotspot\bin\VCRUNTIME140.dll
0x00007ffaf6990000 - 0x00007ffaf69a7000 	C:\Program Files\Microsoft\jdk-17.0.11.9-hotspot\bin\jli.dll
0x00007ffb05f80000 - 0x00007ffb0612e000 	C:\Windows\System32\USER32.dll
0x00007ffb03fd0000 - 0x00007ffb03ff6000 	C:\Windows\System32\win32u.dll
0x00007ffb02970000 - 0x00007ffb02c02000 	C:\Windows\WinSxS\amd64_microsoft.windows.common-controls_6595b64144ccf1df_6.0.22621.4541_none_2710d1c57384c085\COMCTL32.dll
0x00007ffb055e0000 - 0x00007ffb05687000 	C:\Windows\System32\msvcrt.dll
0x00007ffb04150000 - 0x00007ffb04179000 	C:\Windows\System32\GDI32.dll
0x00007ffb04000000 - 0x00007ffb0411b000 	C:\Windows\System32\gdi32full.dll
0x00007ffb03eb0000 - 0x00007ffb03f4a000 	C:\Windows\System32\msvcp_win.dll
0x00007ffb05520000 - 0x00007ffb05551000 	C:\Windows\System32\IMM32.DLL
0x00007ffaffcf0000 - 0x00007ffaffcfc000 	C:\Program Files\Microsoft\jdk-17.0.11.9-hotspot\bin\vcruntime140_1.dll
0x00007ffad7de0000 - 0x00007ffad7e6d000 	C:\Program Files\Microsoft\jdk-17.0.11.9-hotspot\bin\msvcp140.dll
0x00007ffa7cbf0000 - 0x00007ffa7d856000 	C:\Program Files\Microsoft\jdk-17.0.11.9-hotspot\bin\server\jvm.dll
0x00007ffb06130000 - 0x00007ffb061e2000 	C:\Windows\System32\ADVAPI32.dll
0x00007ffb05eb0000 - 0x00007ffb05f57000 	C:\Windows\System32\sechost.dll
0x00007ffb04120000 - 0x00007ffb04148000 	C:\Windows\System32\bcrypt.dll
0x00007ffb05800000 - 0x00007ffb05914000 	C:\Windows\System32\RPCRT4.dll
0x00007ffae5e00000 - 0x00007ffae5e09000 	C:\Windows\SYSTEM32\WSOCK32.dll
0x00007ffb03600000 - 0x00007ffb0364d000 	C:\Windows\SYSTEM32\POWRPROF.dll
0x00007ffaff050000 - 0x00007ffaff084000 	C:\Windows\SYSTEM32\WINMM.dll
0x00007ffb05490000 - 0x00007ffb05501000 	C:\Windows\System32\WS2_32.dll
0x00007ffafe5d0000 - 0x00007ffafe5da000 	C:\Windows\SYSTEM32\VERSION.dll
0x00007ffb035d0000 - 0x00007ffb035e3000 	C:\Windows\SYSTEM32\UMPDC.dll
0x00007ffb026d0000 - 0x00007ffb026e8000 	C:\Windows\SYSTEM32\kernel.appcore.dll
0x00007ffaf3250000 - 0x00007ffaf325a000 	C:\Program Files\Microsoft\jdk-17.0.11.9-hotspot\bin\jimage.dll
0x00007ffb02f90000 - 0x00007ffb031c2000 	C:\Windows\SYSTEM32\DBGHELP.DLL
0x00007ffb05920000 - 0x00007ffb05caf000 	C:\Windows\System32\combase.dll
0x00007ffb04e80000 - 0x00007ffb04f57000 	C:\Windows\System32\OLEAUT32.dll
0x00007ffb02e80000 - 0x00007ffb02eb2000 	C:\Windows\SYSTEM32\dbgcore.DLL
0x00007ffb03f50000 - 0x00007ffb03fcb000 	C:\Windows\System32\bcryptPrimitives.dll
0x00007ffad9d60000 - 0x00007ffad9d85000 	C:\Program Files\Microsoft\jdk-17.0.11.9-hotspot\bin\java.dll
0x00007ffad7d00000 - 0x00007ffad7dd7000 	C:\Program Files\Microsoft\jdk-17.0.11.9-hotspot\bin\jsvml.dll
0x00007ffb04600000 - 0x00007ffb04e78000 	C:\Windows\System32\SHELL32.dll
0x00007ffb00f20000 - 0x00007ffb01828000 	C:\Windows\SYSTEM32\windows.storage.dll
0x00007ffb00de0000 - 0x00007ffb00f1f000 	C:\Windows\SYSTEM32\wintypes.dll
0x00007ffb051e0000 - 0x00007ffb052da000 	C:\Windows\System32\SHCORE.dll
0x00007ffb057a0000 - 0x00007ffb057fe000 	C:\Windows\System32\shlwapi.dll
0x00007ffb03650000 - 0x00007ffb0367b000 	C:\Windows\SYSTEM32\profapi.dll
0x00007ffadf8c0000 - 0x00007ffadf8d9000 	C:\Program Files\Microsoft\jdk-17.0.11.9-hotspot\bin\net.dll
0x00007ffafd920000 - 0x00007ffafda56000 	C:\Windows\SYSTEM32\WINHTTP.dll
0x00007ffb02430000 - 0x00007ffb02499000 	C:\Windows\system32\mswsock.dll
0x00007ffade5d0000 - 0x00007ffade5e6000 	C:\Program Files\Microsoft\jdk-17.0.11.9-hotspot\bin\nio.dll
0x00007ffad90e0000 - 0x00007ffad90f8000 	C:\Program Files\Microsoft\jdk-17.0.11.9-hotspot\bin\zip.dll
0x00007ffaf31c0000 - 0x00007ffaf31d0000 	C:\Program Files\Microsoft\jdk-17.0.11.9-hotspot\bin\verify.dll
0x00007ffad89c0000 - 0x00007ffad89e7000 	C:\Users\farha\.gradle\native\c067742578af261105cb4f569cf0c3c89f3d7b1fecec35dd04571415982c5e48\windows-amd64\native-platform.dll
0x00007ffaffcb0000 - 0x00007ffaffcba000 	C:\Users\farha\.gradle\native\jansi\1.18\windows64\jansi.dll
0x00007ffadb010000 - 0x00007ffadb019000 	C:\Program Files\Microsoft\jdk-17.0.11.9-hotspot\bin\management.dll
0x00007ffadaf20000 - 0x00007ffadaf2b000 	C:\Program Files\Microsoft\jdk-17.0.11.9-hotspot\bin\management_ext.dll
0x00007ffb05d80000 - 0x00007ffb05d88000 	C:\Windows\System32\PSAPI.DLL
0x00007ffb032d0000 - 0x00007ffb032eb000 	C:\Windows\SYSTEM32\CRYPTSP.dll
0x00007ffb01f90000 - 0x00007ffb01fc5000 	C:\Windows\system32\rsaenh.dll
0x00007ffb024d0000 - 0x00007ffb024f8000 	C:\Windows\SYSTEM32\USERENV.dll
0x00007ffb027b0000 - 0x00007ffb027bc000 	C:\Windows\SYSTEM32\CRYPTBASE.dll
0x00007ffb01a90000 - 0x00007ffb01abd000 	C:\Windows\SYSTEM32\IPHLPAPI.DLL
0x00007ffb05690000 - 0x00007ffb05699000 	C:\Windows\System32\NSI.dll
0x00007ffafcf40000 - 0x00007ffafcf59000 	C:\Windows\SYSTEM32\dhcpcsvc6.DLL
0x00007ffafced0000 - 0x00007ffafceef000 	C:\Windows\SYSTEM32\dhcpcsvc.DLL
0x00007ffb01b00000 - 0x00007ffb01c02000 	C:\Windows\SYSTEM32\DNSAPI.dll
0x00007ffada140000 - 0x00007ffada149000 	C:\Program Files\Microsoft\jdk-17.0.11.9-hotspot\bin\extnet.dll

dbghelp: loaded successfully - version: 4.0.5 - missing functions: none
symbol engine: initialized successfully - sym options: 0x614 - pdb path: .;C:\Program Files\Microsoft\jdk-17.0.11.9-hotspot\bin;C:\Windows\SYSTEM32;C:\Windows\WinSxS\amd64_microsoft.windows.common-controls_6595b64144ccf1df_6.0.22621.4541_none_2710d1c57384c085;C:\Program Files\Microsoft\jdk-17.0.11.9-hotspot\bin\server;C:\Users\farha\.gradle\native\c067742578af261105cb4f569cf0c3c89f3d7b1fecec35dd04571415982c5e48\windows-amd64;C:\Users\farha\.gradle\native\jansi\1.18\windows64

VM Arguments:
jvm_args: -Xmx64m -Xms64m -Dorg.gradle.appname=gradlew 
java_command: org.gradle.wrapper.GradleWrapperMain app:installDebug -PreactNativeDevServerPort=8081
java_class_path (initial): C:\Users\farha\OneDrive\Desktop\sf-app-v2\android\\gradle\wrapper\gradle-wrapper.jar
Launcher Type: SUN_STANDARD

[Global flags]
     intx CICompilerCount                          = 4                                         {product} {ergonomic}
     uint ConcGCThreads                            = 2                                         {product} {ergonomic}
     uint G1ConcRefinementThreads                  = 8                                         {product} {ergonomic}
   size_t G1HeapRegionSize                         = 1048576                                   {product} {ergonomic}
    uintx GCDrainStackTargetSize                   = 64                                        {product} {ergonomic}
   size_t InitialHeapSize                          = 67108864                                  {product} {command line}
   size_t MarkStackSize                            = 4194304                                   {product} {ergonomic}
   size_t MaxHeapSize                              = 67108864                                  {product} {command line}
   size_t MaxNewSize                               = 39845888                                  {product} {ergonomic}
   size_t MinHeapDeltaBytes                        = 1048576                                   {product} {ergonomic}
   size_t MinHeapSize                              = 67108864                                  {product} {command line}
    uintx NonNMethodCodeHeapSize                   = 5839372                                {pd product} {ergonomic}
    uintx NonProfiledCodeHeapSize                  = 122909434                              {pd product} {ergonomic}
    uintx ProfiledCodeHeapSize                     = 122909434                              {pd product} {ergonomic}
    uintx ReservedCodeCacheSize                    = 251658240                              {pd product} {ergonomic}
     bool SegmentedCodeCache                       = true                                      {product} {ergonomic}
   size_t SoftMaxHeapSize                          = 67108864                               {manageable} {ergonomic}
     bool UseCompressedClassPointers               = true                           {product lp64_product} {ergonomic}
     bool UseCompressedOops                        = true                           {product lp64_product} {ergonomic}
     bool UseG1GC                                  = true                                      {product} {ergonomic}
     bool UseLargePagesIndividualAllocation        = false                                  {pd product} {ergonomic}

Logging:
Log output configuration:
 #0: stdout all=warning uptime,level,tags
 #1: stderr all=off uptime,level,tags

Environment Variables:
JAVA_HOME=C:\Program Files\Microsoft\jdk-17.0.11.9-hotspot\
CLASSPATH=C:\Users\farha\OneDrive\Desktop\sf-app-v2\android\\gradle\wrapper\gradle-wrapper.jar
PATH=C:\Users\farha\OneDrive\Desktop\sf-app-v2\node_modules\.bin;C:\Users\farha\OneDrive\Desktop\sf-app-v2\node_modules\.bin;C:\Users\farha\OneDrive\Desktop\node_modules\.bin;C:\Users\farha\OneDrive\node_modules\.bin;C:\Users\farha\node_modules\.bin;C:\Users\node_modules\.bin;C:\node_modules\.bin;C:\Users\farha\AppData\Roaming\nvm\v20.15.0\node_modules\npm\node_modules\@npmcli\run-script\lib\node-gyp-bin;C:\Program Files\Microsoft\jdk-17.0.11.9-hotspot\bin;C:\Windows\system32;C:\Windows;C:\Windows\System32\Wbem;C:\Windows\System32\WindowsPowerShell\v1.0\;C:\Windows\System32\OpenSSH\;C:\Program Files\NVIDIA Corporation\NVIDIA NvDLISR;C:\Program Files (x86)\NVIDIA Corporation\PhysX\Common;c:\Users\farha\AppData\Local\Programs\cursor\resources\app\bin;C:\Program Files\Java\jdk-22\bin;C:\Program Files\Git\cmd;C:\ProgramData\chocolatey\bin;C:\Users\farha\AppData\Local\Android\Sdk\platform-tools;C:\Users\farha\AppData\Roaming\nvm;C:\Program Files\nodejs;C:\Program Files\PostgreSQL\16\bin;;C:\Program Files\Docker\Docker\resources\bin;C:\Program Files\PuTTY\;C:\Users\farha\AppData\Local\Android\Sdk\tools;C:\Users\farha\AppData\Local\Microsoft\WindowsApps;C:\Users\farha\AppData\Roaming\npm;C:\Users\farha\AppData\Local\Programs\Microsoft VS Code\bin;C:\Users\farha\AppData\Roaming\nvm;C:\Program Files\nodejs;C:\Program Files (x86)\MongoDB Atlas CLI" 
USERNAME=farha
LANG=en_US.UTF-8
OS=Windows_NT
PROCESSOR_IDENTIFIER=Intel64 Family 6 Model 165 Stepping 2, GenuineIntel
TMP=C:\Users\farha\AppData\Local\Temp
TEMP=C:\Users\farha\AppData\Local\Temp



Periodic native trim disabled


---------------  S Y S T E M  ---------------

OS:
 Windows 11 , 64 bit Build 22621 (10.0.22621.4391)
OS uptime: 0 days 10:24 hours
Hyper-V role detected

CPU: total 8 (initial active 8) (4 cores per cpu, 2 threads per core) family 6 model 165 stepping 2 microcode 0xe2, cx8, cmov, fxsr, ht, mmx, 3dnowpref, sse, sse2, sse3, ssse3, sse4.1, sse4.2, popcnt, lzcnt, tsc, tscinvbit, avx, avx2, aes, erms, clmul, bmi1, bmi2, adx, fma, vzeroupper, clflush, clflushopt, hv
Processor Information for all 8 processors :
  Max Mhz: 2496, Current Mhz: 2496, Mhz Limit: 2496

Memory: 4k page, system-wide physical 16215M (4446M free)
TotalPageFile size 26455M (AvailPageFile size 13725M)
current process WorkingSet (physical memory assigned to process): 94M, peak: 94M
current process commit charge ("private bytes"): 167M, peak: 167M

vm_info: OpenJDK 64-Bit Server VM (17.0.11+9-LTS) for windows-amd64 JRE (17.0.11+9-LTS), built on Apr  9 2024 22:05:54 by "MicrosoftCorporation" with MS VC++ 16.10 / 16.11 (VS2019)

END.
